<?xml version="1.0" encoding="UTF-8"?>
<!-- Generated by org.testng.reporters.JUnitXMLReporter -->
<testsuite hostname="BOLD-HarpreetBh" name="RHTestHarpreet CASES" tests="6" failures="0" timestamp="2 May 2020 18:35:58 GMT" time="107.838" errors="0">
  <testcase name="verifyDashboardpageTitletest" time="0.109" classname="com.rh.qa.test.DashboarPageTestJava"/>
  <testcase name="verifyDashboardTexttest" time="0.562" classname="com.rh.qa.test.DashboarPageTestJava"/>
  <testcase name="navigatetoFinalizepage" time="7.884" classname="com.rh.qa.test.DashboarPageTestJava"/>
  <testcase name="loginPageTitleTest" time="0.096" classname="com.rh.qa.test.LoginPageTestJava"/>
  <testcase name="loginPagevalidateRHLogo" time="0.054" classname="com.rh.qa.test.LoginPageTestJava"/>
  <testcase name="loginTest" time="2.342" classname="com.rh.qa.test.LoginPageTestJava"/>
</testsuite> <!-- RHTestHarpreet CASES -->
