<?xml version="1.0" encoding="UTF-8"?>
<testng-results skipped="0" failed="1" ignored="0" total="1" passed="0">
  <reporter-output>
  </reporter-output>
  <suite name="Default suite" duration-ms="15532" started-at="2020-10-19T09:52:38Z" finished-at="2020-10-19T09:52:53Z">
    <groups>
    </groups>
    <test name="Default test" duration-ms="15532" started-at="2020-10-19T09:52:38Z" finished-at="2020-10-19T09:52:53Z">
      <class name="com.rh.qa.test.LandingPageTestJava">
        <test-method status="PASS" signature="setUp()[pri:0, instance:com.rh.qa.test.LandingPageTestJava@5bfa9431]" name="setUp" is-config="true" duration-ms="11381" started-at="2020-10-19T09:52:38Z" finished-at="2020-10-19T09:52:49Z">
          <reporter-output>
          </reporter-output>
        </test-method> <!-- setUp -->
        <test-method status="FAIL" signature="landingPageTitleTest()[pri:1, instance:com.rh.qa.test.LandingPageTestJava@5bfa9431]" name="landingPageTitleTest" duration-ms="2385" started-at="2020-10-19T09:52:49Z" finished-at="2020-10-19T09:52:52Z">
          <exception class="java.lang.AssertionError">
            <message>
              <![CDATA[expected [Reshume Help: Instantly Create Your Resume Online] but found [Resume Help: Instantly Create Your Resume Online]]]>
            </message>
            <full-stacktrace>
              <![CDATA[java.lang.AssertionError: expected [Reshume Help: Instantly Create Your Resume Online] but found [Resume Help: Instantly Create Your Resume Online]
at org.testng.Assert.fail(Assert.java:96)
at org.testng.Assert.failNotEquals(Assert.java:776)
at org.testng.Assert.assertEqualsImpl(Assert.java:137)
at org.testng.Assert.assertEquals(Assert.java:118)
at org.testng.Assert.assertEquals(Assert.java:453)
at org.testng.Assert.assertEquals(Assert.java:463)
at com.rh.qa.test.LandingPageTestJava.landingPageTitleTest(LandingPageTestJava.java:44)
at sun.reflect.NativeMethodAccessorImpl.invoke0(Native Method)
at sun.reflect.NativeMethodAccessorImpl.invoke(NativeMethodAccessorImpl.java:62)
at sun.reflect.DelegatingMethodAccessorImpl.invoke(DelegatingMethodAccessorImpl.java:43)
at java.lang.reflect.Method.invoke(Method.java:498)
at org.testng.internal.MethodInvocationHelper.invokeMethod(MethodInvocationHelper.java:124)
at org.testng.internal.Invoker.invokeMethod(Invoker.java:583)
at org.testng.internal.Invoker.invokeTestMethod(Invoker.java:719)
at org.testng.internal.Invoker.invokeTestMethods(Invoker.java:989)
at org.testng.internal.TestMethodWorker.invokeTestMethods(TestMethodWorker.java:125)
at org.testng.internal.TestMethodWorker.run(TestMethodWorker.java:109)
at org.testng.TestRunner.privateRun(TestRunner.java:648)
at org.testng.TestRunner.run(TestRunner.java:505)
at org.testng.SuiteRunner.runTest(SuiteRunner.java:455)
at org.testng.SuiteRunner.runSequentially(SuiteRunner.java:450)
at org.testng.SuiteRunner.privateRun(SuiteRunner.java:415)
at org.testng.SuiteRunner.run(SuiteRunner.java:364)
at org.testng.SuiteRunnerWorker.runSuite(SuiteRunnerWorker.java:52)
at org.testng.SuiteRunnerWorker.run(SuiteRunnerWorker.java:84)
at org.testng.TestNG.runSuitesSequentially(TestNG.java:1208)
at org.testng.TestNG.runSuitesLocally(TestNG.java:1137)
at org.testng.TestNG.runSuites(TestNG.java:1049)
at org.testng.TestNG.run(TestNG.java:1017)
at org.testng.remote.AbstractRemoteTestNG.run(AbstractRemoteTestNG.java:115)
at org.testng.remote.RemoteTestNG.initAndRun(RemoteTestNG.java:251)
at org.testng.remote.RemoteTestNG.main(RemoteTestNG.java:77)
]]>
            </full-stacktrace>
          </exception> <!-- java.lang.AssertionError -->
          <reporter-output>
          </reporter-output>
        </test-method> <!-- landingPageTitleTest -->
        <test-method status="PASS" signature="tearDown()[pri:0, instance:com.rh.qa.test.LandingPageTestJava@5bfa9431]" name="tearDown" is-config="true" duration-ms="816" started-at="2020-10-19T09:52:53Z" finished-at="2020-10-19T09:52:53Z">
          <reporter-output>
          </reporter-output>
        </test-method> <!-- tearDown -->
      </class> <!-- com.rh.qa.test.LandingPageTestJava -->
    </test> <!-- Default test -->
  </suite> <!-- Default suite -->
</testng-results>
